{"C:\\Yasmin\\SE\\02 Learning Repo\\BE - Dicoding - Belajar BE Pemula s.d. Expert\\math-api\\src\\MathBasic.js": {"path":"C:\\Yasmin\\SE\\02 Learning Repo\\BE - Dicoding - Belajar BE Pemula s.d. Expert\\math-api\\src\\MathBasic.js","statementMap":{"0":{"start":{"line":1,"column":18},"end":{"line":57,"column":1}},"1":{"start":{"line":3,"column":4},"end":{"line":5,"column":5}},"2":{"start":{"line":4,"column":6},"end":{"line":4,"column":65}},"3":{"start":{"line":7,"column":19},"end":{"line":7,"column":23}},"4":{"start":{"line":9,"column":4},"end":{"line":11,"column":5}},"5":{"start":{"line":10,"column":6},"end":{"line":10,"column":64}},"6":{"start":{"line":13,"column":4},"end":{"line":13,"column":17}},"7":{"start":{"line":17,"column":4},"end":{"line":19,"column":5}},"8":{"start":{"line":18,"column":6},"end":{"line":18,"column":70}},"9":{"start":{"line":21,"column":19},"end":{"line":21,"column":23}},"10":{"start":{"line":23,"column":4},"end":{"line":25,"column":5}},"11":{"start":{"line":24,"column":6},"end":{"line":24,"column":64}},"12":{"start":{"line":27,"column":4},"end":{"line":27,"column":17}},"13":{"start":{"line":31,"column":4},"end":{"line":33,"column":5}},"14":{"start":{"line":32,"column":6},"end":{"line":32,"column":70}},"15":{"start":{"line":35,"column":19},"end":{"line":35,"column":23}},"16":{"start":{"line":37,"column":4},"end":{"line":39,"column":5}},"17":{"start":{"line":38,"column":6},"end":{"line":38,"column":64}},"18":{"start":{"line":41,"column":4},"end":{"line":41,"column":17}},"19":{"start":{"line":45,"column":4},"end":{"line":47,"column":5}},"20":{"start":{"line":46,"column":6},"end":{"line":46,"column":68}},"21":{"start":{"line":49,"column":19},"end":{"line":49,"column":23}},"22":{"start":{"line":51,"column":4},"end":{"line":53,"column":5}},"23":{"start":{"line":52,"column":6},"end":{"line":52,"column":64}},"24":{"start":{"line":55,"column":4},"end":{"line":55,"column":17}},"25":{"start":{"line":59,"column":0},"end":{"line":59,"column":27}}},"fnMap":{"0":{"name":"(anonymous_0)","decl":{"start":{"line":2,"column":7},"end":{"line":2,"column":8}},"loc":{"start":{"line":2,"column":20},"end":{"line":14,"column":3}},"line":2},"1":{"name":"(anonymous_1)","decl":{"start":{"line":16,"column":12},"end":{"line":16,"column":13}},"loc":{"start":{"line":16,"column":25},"end":{"line":28,"column":3}},"line":16},"2":{"name":"(anonymous_2)","decl":{"start":{"line":30,"column":12},"end":{"line":30,"column":13}},"loc":{"start":{"line":30,"column":25},"end":{"line":43,"column":3}},"line":30},"3":{"name":"(anonymous_3)","decl":{"start":{"line":44,"column":10},"end":{"line":44,"column":11}},"loc":{"start":{"line":44,"column":23},"end":{"line":56,"column":3}},"line":44}},"branchMap":{"0":{"loc":{"start":{"line":3,"column":4},"end":{"line":5,"column":5}},"type":"if","locations":[{"start":{"line":3,"column":4},"end":{"line":5,"column":5}},{"start":{},"end":{}}],"line":3},"1":{"loc":{"start":{"line":9,"column":4},"end":{"line":11,"column":5}},"type":"if","locations":[{"start":{"line":9,"column":4},"end":{"line":11,"column":5}},{"start":{},"end":{}}],"line":9},"2":{"loc":{"start":{"line":9,"column":8},"end":{"line":9,"column":54}},"type":"binary-expr","locations":[{"start":{"line":9,"column":8},"end":{"line":9,"column":29}},{"start":{"line":9,"column":33},"end":{"line":9,"column":54}}],"line":9},"3":{"loc":{"start":{"line":17,"column":4},"end":{"line":19,"column":5}},"type":"if","locations":[{"start":{"line":17,"column":4},"end":{"line":19,"column":5}},{"start":{},"end":{}}],"line":17},"4":{"loc":{"start":{"line":23,"column":4},"end":{"line":25,"column":5}},"type":"if","locations":[{"start":{"line":23,"column":4},"end":{"line":25,"column":5}},{"start":{},"end":{}}],"line":23},"5":{"loc":{"start":{"line":23,"column":8},"end":{"line":23,"column":54}},"type":"binary-expr","locations":[{"start":{"line":23,"column":8},"end":{"line":23,"column":29}},{"start":{"line":23,"column":33},"end":{"line":23,"column":54}}],"line":23},"6":{"loc":{"start":{"line":31,"column":4},"end":{"line":33,"column":5}},"type":"if","locations":[{"start":{"line":31,"column":4},"end":{"line":33,"column":5}},{"start":{},"end":{}}],"line":31},"7":{"loc":{"start":{"line":37,"column":4},"end":{"line":39,"column":5}},"type":"if","locations":[{"start":{"line":37,"column":4},"end":{"line":39,"column":5}},{"start":{},"end":{}}],"line":37},"8":{"loc":{"start":{"line":37,"column":8},"end":{"line":37,"column":54}},"type":"binary-expr","locations":[{"start":{"line":37,"column":8},"end":{"line":37,"column":29}},{"start":{"line":37,"column":33},"end":{"line":37,"column":54}}],"line":37},"9":{"loc":{"start":{"line":45,"column":4},"end":{"line":47,"column":5}},"type":"if","locations":[{"start":{"line":45,"column":4},"end":{"line":47,"column":5}},{"start":{},"end":{}}],"line":45},"10":{"loc":{"start":{"line":51,"column":4},"end":{"line":53,"column":5}},"type":"if","locations":[{"start":{"line":51,"column":4},"end":{"line":53,"column":5}},{"start":{},"end":{}}],"line":51},"11":{"loc":{"start":{"line":51,"column":8},"end":{"line":51,"column":54}},"type":"binary-expr","locations":[{"start":{"line":51,"column":8},"end":{"line":51,"column":29}},{"start":{"line":51,"column":33},"end":{"line":51,"column":54}}],"line":51}},"s":{"0":1,"1":10,"2":4,"3":6,"4":6,"5":3,"6":3,"7":10,"8":4,"9":6,"10":6,"11":3,"12":3,"13":10,"14":4,"15":6,"16":6,"17":3,"18":3,"19":10,"20":4,"21":6,"22":6,"23":3,"24":3,"25":1},"f":{"0":10,"1":10,"2":10,"3":10},"b":{"0":[4,6],"1":[3,3],"2":[6,3],"3":[4,6],"4":[3,3],"5":[6,3],"6":[4,6],"7":[3,3],"8":[6,3],"9":[4,6],"10":[3,3],"11":[6,3]},"_coverageSchema":"1a1c01bbd47fc00a2c39e90264f33305004495a9","hash":"76b5c6718d7cb3c0248f5a7f4cf996e17e7b7dc3"}
}
