TN:
SF:src\MathBasic.js
FN:2,(anonymous_0)
FN:16,(anonymous_1)
FN:30,(anonymous_2)
FN:44,(anonymous_3)
FNF:4
FNH:4
FNDA:10,(anonymous_0)
FNDA:10,(anonymous_1)
FNDA:10,(anonymous_2)
FNDA:10,(anonymous_3)
DA:1,1
DA:3,10
DA:4,4
DA:7,6
DA:9,6
DA:10,3
DA:13,3
DA:17,10
DA:18,4
DA:21,6
DA:23,6
DA:24,3
DA:27,3
DA:31,10
DA:32,4
DA:35,6
DA:37,6
DA:38,3
DA:41,3
DA:45,10
DA:46,4
DA:49,6
DA:51,6
DA:52,3
DA:55,3
DA:59,1
LF:26
LH:26
BRDA:3,0,0,4
BRDA:3,0,1,6
BRDA:9,1,0,3
BRDA:9,1,1,3
BRDA:9,2,0,6
BRDA:9,2,1,3
BRDA:17,3,0,4
BRDA:17,3,1,6
BRDA:23,4,0,3
BRDA:23,4,1,3
BRDA:23,5,0,6
BRDA:23,5,1,3
BRDA:31,6,0,4
BRDA:31,6,1,6
BRDA:37,7,0,3
BRDA:37,7,1,3
BRDA:37,8,0,6
BRDA:37,8,1,3
BRDA:45,9,0,4
BRDA:45,9,1,6
BRDA:51,10,0,3
BRDA:51,10,1,3
BRDA:51,11,0,6
BRDA:51,11,1,3
BRF:24
BRH:24
end_of_record
